CRITICAL - 2024-03-15 01:51:29 --> CodeIgniter\Exceptions\ConfigException: Config\App::$baseURL "/" is not a valid URL.
in SYSTEMPATH\HTTP\SiteURI.php on line 199.
 1 SYSTEMPATH\HTTP\SiteURI.php(145): CodeIgniter\HTTP\SiteURI->normalizeBaseURL()
 2 SYSTEMPATH\HTTP\SiteURI.php(100): CodeIgniter\HTTP\SiteURI->determineBaseURL()
 3 SYSTEMPATH\HTTP\CLIRequest.php(78): CodeIgniter\HTTP\SiteURI->__construct()
 4 SYSTEMPATH\Config\Services.php(144): CodeIgniter\HTTP\CLIRequest->__construct()
 5 SYSTEMPATH\Config\BaseService.php(258): CodeIgniter\Config\Services::clirequest()
 6 SYSTEMPATH\Config\BaseService.php(199): CodeIgniter\Config\BaseService::__callStatic()
 7 SYSTEMPATH\Config\Services.php(139): CodeIgniter\Config\BaseService::getSharedInstance()
 8 SYSTEMPATH\Config\BaseService.php(258): CodeIgniter\Config\Services::clirequest()
 9 SYSTEMPATH\Config\Services.php(537): CodeIgniter\Config\BaseService::__callStatic()
10 SYSTEMPATH\Config\BaseService.php(258): CodeIgniter\Config\Services::createRequest()
11 SYSTEMPATH\CLI\Console.php(37): CodeIgniter\Config\BaseService::__callStatic()
12 ROOTPATH\spark(102): CodeIgniter\CLI\Console->run()
CRITICAL - 2024-03-15 01:51:29 --> ErrorException: Uncaught CodeIgniter\Exceptions\ConfigException: Config\App::$baseURL "/" is not a valid URL. in C:\xampp\htdocs\goalpara\system\HTTP\SiteURI.php:199
Stack trace:
#0 C:\xampp\htdocs\goalpara\system\HTTP\SiteURI.php(145): CodeIgniter\HTTP\SiteURI->normalizeBaseURL()
#1 C:\xampp\htdocs\goalpara\system\HTTP\SiteURI.php(100): CodeIgniter\HTTP\SiteURI->determineBaseURL()
#2 C:\xampp\htdocs\goalpara\system\HTTP\SiteURIFactory.php(224): CodeIgniter\HTTP\SiteURI->__construct()
#3 C:\xampp\htdocs\goalpara\system\HTTP\SiteURIFactory.php(45): CodeIgniter\HTTP\SiteURIFactory->createURIFromRoutePath()
#4 C:\xampp\htdocs\goalpara\system\Config\Services.php(799): CodeIgniter\HTTP\SiteURIFactory->createFromGlobals()
#5 C:\xampp\htdocs\goalpara\system\Config\BaseService.php(258): CodeIgniter\Config\Services::uri()
#6 C:\xampp\htdocs\goalpara\system\Config\BaseService.php(199): CodeIgniter\Config\BaseService::__callStatic()
#7 C:\xampp\htdocs\goalpara\system\Config\Services.php(792): CodeIgniter\Config\BaseService::getSharedInstance()
#8 C:\xampp\htdocs\goalpara\system\Config\BaseService.php(258): CodeIgniter\Config\Services::uri()
#9 C:\xampp\htdocs\goalpara\system\Config\Services.php(566): CodeIgniter\Config\BaseService::__callStatic()
#10 C:\xampp\htdocs\goalpara\system\Config\BaseService.php(258): CodeIgniter\Config\Services::incomingrequest()
#11 C:\xampp\htdocs\goalpara\system\Config\Services.php(524): CodeIgniter\Config\BaseService::__callStatic()
#12 C:\xampp\htdocs\goalpara\system\Config\BaseService.php(258): CodeIgniter\Config\Services::request()
#13 C:\xampp\htdocs\goalpara\system\Config\BaseService.php(199): CodeIgniter\Config\BaseService::__callStatic()
#14 C:\xampp\htdocs\goalpara\system\Config\Services.php(520): CodeIgniter\Config\BaseService::getSharedInstance()
#15 C:\xampp\htdocs\goalpara\system\Config\BaseService.php(258): CodeIgniter\Config\Services::request()
#16 C:\xampp\htdocs\goalpara\system\Debug\Exceptions.php(150): CodeIgniter\Config\BaseService::__callStatic()
#17 [internal function]: CodeIgniter\Debug\Exceptions->exceptionHandler()
#18 {main}
  thrown
【Previous Exception】
CodeIgniter\Exceptions\ConfigException
Config\App::$baseURL "/" is not a valid URL.
#0 C:\xampp\htdocs\goalpara\system\HTTP\SiteURI.php(145): CodeIgniter\HTTP\SiteURI->normalizeBaseURL()
#1 C:\xampp\htdocs\goalpara\system\HTTP\SiteURI.php(100): CodeIgniter\HTTP\SiteURI->determineBaseURL()
#2 C:\xampp\htdocs\goalpara\system\HTTP\CLIRequest.php(78): CodeIgniter\HTTP\SiteURI->__construct()
#3 C:\xampp\htdocs\goalpara\system\Config\Services.php(144): CodeIgniter\HTTP\CLIRequest->__construct()
#4 C:\xampp\htdocs\goalpara\system\Config\BaseService.php(258): CodeIgniter\Config\Services::clirequest()
#5 C:\xampp\htdocs\goalpara\system\Config\BaseService.php(199): CodeIgniter\Config\BaseService::__callStatic()
#6 C:\xampp\htdocs\goalpara\system\Config\Services.php(139): CodeIgniter\Config\BaseService::getSharedInstance()
#7 C:\xampp\htdocs\goalpara\system\Config\BaseService.php(258): CodeIgniter\Config\Services::clirequest()
#8 C:\xampp\htdocs\goalpara\system\Config\Services.php(537): CodeIgniter\Config\BaseService::__callStatic()
#9 C:\xampp\htdocs\goalpara\system\Config\BaseService.php(258): CodeIgniter\Config\Services::createRequest()
#10 C:\xampp\htdocs\goalpara\system\CLI\Console.php(37): CodeIgniter\Config\BaseService::__callStatic()
#11 C:\xampp\htdocs\goalpara\spark(102): CodeIgniter\CLI\Console->run()
#12 {main}
in SYSTEMPATH\HTTP\SiteURI.php on line 199.
 1 [internal function]: CodeIgniter\Debug\Exceptions->shutdownHandler()
CRITICAL - 2024-03-15 02:08:17 --> ErrorException: Undefined property: CodeIgniter\View\View::$load
in APPPATH\Views\main.php on line 2.
 1 APPPATH\Views\main.php(2): CodeIgniter\Debug\Exceptions->errorHandler()
 2 SYSTEMPATH\View\View.php(228): include('C:\\xampp\\htdocs\\goalpara\\app\\Views\\main.php')
 3 SYSTEMPATH\View\View.php(231): CodeIgniter\View\View->CodeIgniter\View\{closure}()
 4 SYSTEMPATH\Common.php(1178): CodeIgniter\View\View->render()
 5 APPPATH\Controllers\Home.php(9): view()
 6 SYSTEMPATH\CodeIgniter.php(941): App\Controllers\Home->index()
 7 SYSTEMPATH\CodeIgniter.php(502): CodeIgniter\CodeIgniter->runController()
 8 SYSTEMPATH\CodeIgniter.php(361): CodeIgniter\CodeIgniter->handleRequest()
 9 FCPATH\index.php(79): CodeIgniter\CodeIgniter->run()
10 SYSTEMPATH\Commands\Server\rewrite.php(47): require_once('C:\\xampp\\htdocs\\goalpara\\public\\index.php')
CRITICAL - 2024-03-15 02:11:46 --> ErrorException: Undefined property: CodeIgniter\View\View::$load
in APPPATH\Views\main.php on line 2.
 1 APPPATH\Views\main.php(2): CodeIgniter\Debug\Exceptions->errorHandler()
 2 SYSTEMPATH\View\View.php(228): include('C:\\xampp\\htdocs\\goalpara\\app\\Views\\main.php')
 3 SYSTEMPATH\View\View.php(231): CodeIgniter\View\View->CodeIgniter\View\{closure}()
 4 SYSTEMPATH\Common.php(1178): CodeIgniter\View\View->render()
 5 APPPATH\Controllers\Home.php(9): view()
 6 SYSTEMPATH\CodeIgniter.php(941): App\Controllers\Home->index()
 7 SYSTEMPATH\CodeIgniter.php(502): CodeIgniter\CodeIgniter->runController()
 8 SYSTEMPATH\CodeIgniter.php(361): CodeIgniter\CodeIgniter->handleRequest()
 9 FCPATH\index.php(79): CodeIgniter\CodeIgniter->run()
10 SYSTEMPATH\Commands\Server\rewrite.php(47): require_once('C:\\xampp\\htdocs\\goalpara\\public\\index.php')
CRITICAL - 2024-03-15 02:11:47 --> ErrorException: Undefined property: CodeIgniter\View\View::$load
in APPPATH\Views\main.php on line 2.
 1 APPPATH\Views\main.php(2): CodeIgniter\Debug\Exceptions->errorHandler()
 2 SYSTEMPATH\View\View.php(228): include('C:\\xampp\\htdocs\\goalpara\\app\\Views\\main.php')
 3 SYSTEMPATH\View\View.php(231): CodeIgniter\View\View->CodeIgniter\View\{closure}()
 4 SYSTEMPATH\Common.php(1178): CodeIgniter\View\View->render()
 5 APPPATH\Controllers\Home.php(9): view()
 6 SYSTEMPATH\CodeIgniter.php(941): App\Controllers\Home->index()
 7 SYSTEMPATH\CodeIgniter.php(502): CodeIgniter\CodeIgniter->runController()
 8 SYSTEMPATH\CodeIgniter.php(361): CodeIgniter\CodeIgniter->handleRequest()
 9 FCPATH\index.php(79): CodeIgniter\CodeIgniter->run()
10 SYSTEMPATH\Commands\Server\rewrite.php(47): require_once('C:\\xampp\\htdocs\\goalpara\\public\\index.php')
CRITICAL - 2024-03-15 02:11:47 --> ErrorException: Undefined property: CodeIgniter\View\View::$load
in APPPATH\Views\main.php on line 2.
 1 APPPATH\Views\main.php(2): CodeIgniter\Debug\Exceptions->errorHandler()
 2 SYSTEMPATH\View\View.php(228): include('C:\\xampp\\htdocs\\goalpara\\app\\Views\\main.php')
 3 SYSTEMPATH\View\View.php(231): CodeIgniter\View\View->CodeIgniter\View\{closure}()
 4 SYSTEMPATH\Common.php(1178): CodeIgniter\View\View->render()
 5 APPPATH\Controllers\Home.php(9): view()
 6 SYSTEMPATH\CodeIgniter.php(941): App\Controllers\Home->index()
 7 SYSTEMPATH\CodeIgniter.php(502): CodeIgniter\CodeIgniter->runController()
 8 SYSTEMPATH\CodeIgniter.php(361): CodeIgniter\CodeIgniter->handleRequest()
 9 FCPATH\index.php(79): CodeIgniter\CodeIgniter->run()
10 SYSTEMPATH\Commands\Server\rewrite.php(47): require_once('C:\\xampp\\htdocs\\goalpara\\public\\index.php')
CRITICAL - 2024-03-15 02:11:47 --> ErrorException: Undefined property: CodeIgniter\View\View::$load
in APPPATH\Views\main.php on line 2.
 1 APPPATH\Views\main.php(2): CodeIgniter\Debug\Exceptions->errorHandler()
 2 SYSTEMPATH\View\View.php(228): include('C:\\xampp\\htdocs\\goalpara\\app\\Views\\main.php')
 3 SYSTEMPATH\View\View.php(231): CodeIgniter\View\View->CodeIgniter\View\{closure}()
 4 SYSTEMPATH\Common.php(1178): CodeIgniter\View\View->render()
 5 APPPATH\Controllers\Home.php(9): view()
 6 SYSTEMPATH\CodeIgniter.php(941): App\Controllers\Home->index()
 7 SYSTEMPATH\CodeIgniter.php(502): CodeIgniter\CodeIgniter->runController()
 8 SYSTEMPATH\CodeIgniter.php(361): CodeIgniter\CodeIgniter->handleRequest()
 9 FCPATH\index.php(79): CodeIgniter\CodeIgniter->run()
10 SYSTEMPATH\Commands\Server\rewrite.php(47): require_once('C:\\xampp\\htdocs\\goalpara\\public\\index.php')
CRITICAL - 2024-03-15 02:11:47 --> ErrorException: Undefined property: CodeIgniter\View\View::$load
in APPPATH\Views\main.php on line 2.
 1 APPPATH\Views\main.php(2): CodeIgniter\Debug\Exceptions->errorHandler()
 2 SYSTEMPATH\View\View.php(228): include('C:\\xampp\\htdocs\\goalpara\\app\\Views\\main.php')
 3 SYSTEMPATH\View\View.php(231): CodeIgniter\View\View->CodeIgniter\View\{closure}()
 4 SYSTEMPATH\Common.php(1178): CodeIgniter\View\View->render()
 5 APPPATH\Controllers\Home.php(9): view()
 6 SYSTEMPATH\CodeIgniter.php(941): App\Controllers\Home->index()
 7 SYSTEMPATH\CodeIgniter.php(502): CodeIgniter\CodeIgniter->runController()
 8 SYSTEMPATH\CodeIgniter.php(361): CodeIgniter\CodeIgniter->handleRequest()
 9 FCPATH\index.php(79): CodeIgniter\CodeIgniter->run()
10 SYSTEMPATH\Commands\Server\rewrite.php(47): require_once('C:\\xampp\\htdocs\\goalpara\\public\\index.php')
CRITICAL - 2024-03-15 02:11:47 --> ErrorException: Undefined property: CodeIgniter\View\View::$load
in APPPATH\Views\main.php on line 2.
 1 APPPATH\Views\main.php(2): CodeIgniter\Debug\Exceptions->errorHandler()
 2 SYSTEMPATH\View\View.php(228): include('C:\\xampp\\htdocs\\goalpara\\app\\Views\\main.php')
 3 SYSTEMPATH\View\View.php(231): CodeIgniter\View\View->CodeIgniter\View\{closure}()
 4 SYSTEMPATH\Common.php(1178): CodeIgniter\View\View->render()
 5 APPPATH\Controllers\Home.php(9): view()
 6 SYSTEMPATH\CodeIgniter.php(941): App\Controllers\Home->index()
 7 SYSTEMPATH\CodeIgniter.php(502): CodeIgniter\CodeIgniter->runController()
 8 SYSTEMPATH\CodeIgniter.php(361): CodeIgniter\CodeIgniter->handleRequest()
 9 FCPATH\index.php(79): CodeIgniter\CodeIgniter->run()
10 SYSTEMPATH\Commands\Server\rewrite.php(47): require_once('C:\\xampp\\htdocs\\goalpara\\public\\index.php')
CRITICAL - 2024-03-15 02:11:48 --> ErrorException: Undefined property: CodeIgniter\View\View::$load
in APPPATH\Views\main.php on line 2.
 1 APPPATH\Views\main.php(2): CodeIgniter\Debug\Exceptions->errorHandler()
 2 SYSTEMPATH\View\View.php(228): include('C:\\xampp\\htdocs\\goalpara\\app\\Views\\main.php')
 3 SYSTEMPATH\View\View.php(231): CodeIgniter\View\View->CodeIgniter\View\{closure}()
 4 SYSTEMPATH\Common.php(1178): CodeIgniter\View\View->render()
 5 APPPATH\Controllers\Home.php(9): view()
 6 SYSTEMPATH\CodeIgniter.php(941): App\Controllers\Home->index()
 7 SYSTEMPATH\CodeIgniter.php(502): CodeIgniter\CodeIgniter->runController()
 8 SYSTEMPATH\CodeIgniter.php(361): CodeIgniter\CodeIgniter->handleRequest()
 9 FCPATH\index.php(79): CodeIgniter\CodeIgniter->run()
10 SYSTEMPATH\Commands\Server\rewrite.php(47): require_once('C:\\xampp\\htdocs\\goalpara\\public\\index.php')
CRITICAL - 2024-03-15 02:11:48 --> ErrorException: Undefined property: CodeIgniter\View\View::$load
in APPPATH\Views\main.php on line 2.
 1 APPPATH\Views\main.php(2): CodeIgniter\Debug\Exceptions->errorHandler()
 2 SYSTEMPATH\View\View.php(228): include('C:\\xampp\\htdocs\\goalpara\\app\\Views\\main.php')
 3 SYSTEMPATH\View\View.php(231): CodeIgniter\View\View->CodeIgniter\View\{closure}()
 4 SYSTEMPATH\Common.php(1178): CodeIgniter\View\View->render()
 5 APPPATH\Controllers\Home.php(9): view()
 6 SYSTEMPATH\CodeIgniter.php(941): App\Controllers\Home->index()
 7 SYSTEMPATH\CodeIgniter.php(502): CodeIgniter\CodeIgniter->runController()
 8 SYSTEMPATH\CodeIgniter.php(361): CodeIgniter\CodeIgniter->handleRequest()
 9 FCPATH\index.php(79): CodeIgniter\CodeIgniter->run()
10 SYSTEMPATH\Commands\Server\rewrite.php(47): require_once('C:\\xampp\\htdocs\\goalpara\\public\\index.php')
CRITICAL - 2024-03-15 02:13:11 --> ErrorException: Undefined property: CodeIgniter\View\View::$load
in APPPATH\Views\main.php on line 2.
 1 APPPATH\Views\main.php(2): CodeIgniter\Debug\Exceptions->errorHandler()
 2 SYSTEMPATH\View\View.php(228): include('C:\\xampp\\htdocs\\goalpara\\app\\Views\\main.php')
 3 SYSTEMPATH\View\View.php(231): CodeIgniter\View\View->CodeIgniter\View\{closure}()
 4 SYSTEMPATH\Common.php(1178): CodeIgniter\View\View->render()
 5 APPPATH\Controllers\Home.php(9): view()
 6 SYSTEMPATH\CodeIgniter.php(941): App\Controllers\Home->index()
 7 SYSTEMPATH\CodeIgniter.php(502): CodeIgniter\CodeIgniter->runController()
 8 SYSTEMPATH\CodeIgniter.php(361): CodeIgniter\CodeIgniter->handleRequest()
 9 FCPATH\index.php(79): CodeIgniter\CodeIgniter->run()
10 SYSTEMPATH\Commands\Server\rewrite.php(47): require_once('C:\\xampp\\htdocs\\goalpara\\public\\index.php')
CRITICAL - 2024-03-15 02:13:12 --> ErrorException: Undefined property: CodeIgniter\View\View::$load
in APPPATH\Views\main.php on line 2.
 1 APPPATH\Views\main.php(2): CodeIgniter\Debug\Exceptions->errorHandler()
 2 SYSTEMPATH\View\View.php(228): include('C:\\xampp\\htdocs\\goalpara\\app\\Views\\main.php')
 3 SYSTEMPATH\View\View.php(231): CodeIgniter\View\View->CodeIgniter\View\{closure}()
 4 SYSTEMPATH\Common.php(1178): CodeIgniter\View\View->render()
 5 APPPATH\Controllers\Home.php(9): view()
 6 SYSTEMPATH\CodeIgniter.php(941): App\Controllers\Home->index()
 7 SYSTEMPATH\CodeIgniter.php(502): CodeIgniter\CodeIgniter->runController()
 8 SYSTEMPATH\CodeIgniter.php(361): CodeIgniter\CodeIgniter->handleRequest()
 9 FCPATH\index.php(79): CodeIgniter\CodeIgniter->run()
10 SYSTEMPATH\Commands\Server\rewrite.php(47): require_once('C:\\xampp\\htdocs\\goalpara\\public\\index.php')
CRITICAL - 2024-03-15 02:13:12 --> ErrorException: Undefined property: CodeIgniter\View\View::$load
in APPPATH\Views\main.php on line 2.
 1 APPPATH\Views\main.php(2): CodeIgniter\Debug\Exceptions->errorHandler()
 2 SYSTEMPATH\View\View.php(228): include('C:\\xampp\\htdocs\\goalpara\\app\\Views\\main.php')
 3 SYSTEMPATH\View\View.php(231): CodeIgniter\View\View->CodeIgniter\View\{closure}()
 4 SYSTEMPATH\Common.php(1178): CodeIgniter\View\View->render()
 5 APPPATH\Controllers\Home.php(9): view()
 6 SYSTEMPATH\CodeIgniter.php(941): App\Controllers\Home->index()
 7 SYSTEMPATH\CodeIgniter.php(502): CodeIgniter\CodeIgniter->runController()
 8 SYSTEMPATH\CodeIgniter.php(361): CodeIgniter\CodeIgniter->handleRequest()
 9 FCPATH\index.php(79): CodeIgniter\CodeIgniter->run()
10 SYSTEMPATH\Commands\Server\rewrite.php(47): require_once('C:\\xampp\\htdocs\\goalpara\\public\\index.php')
CRITICAL - 2024-03-15 02:13:12 --> ErrorException: Undefined property: CodeIgniter\View\View::$load
in APPPATH\Views\main.php on line 2.
 1 APPPATH\Views\main.php(2): CodeIgniter\Debug\Exceptions->errorHandler()
 2 SYSTEMPATH\View\View.php(228): include('C:\\xampp\\htdocs\\goalpara\\app\\Views\\main.php')
 3 SYSTEMPATH\View\View.php(231): CodeIgniter\View\View->CodeIgniter\View\{closure}()
 4 SYSTEMPATH\Common.php(1178): CodeIgniter\View\View->render()
 5 APPPATH\Controllers\Home.php(9): view()
 6 SYSTEMPATH\CodeIgniter.php(941): App\Controllers\Home->index()
 7 SYSTEMPATH\CodeIgniter.php(502): CodeIgniter\CodeIgniter->runController()
 8 SYSTEMPATH\CodeIgniter.php(361): CodeIgniter\CodeIgniter->handleRequest()
 9 FCPATH\index.php(79): CodeIgniter\CodeIgniter->run()
10 SYSTEMPATH\Commands\Server\rewrite.php(47): require_once('C:\\xampp\\htdocs\\goalpara\\public\\index.php')
CRITICAL - 2024-03-15 02:13:13 --> ErrorException: Undefined property: CodeIgniter\View\View::$load
in APPPATH\Views\main.php on line 2.
 1 APPPATH\Views\main.php(2): CodeIgniter\Debug\Exceptions->errorHandler()
 2 SYSTEMPATH\View\View.php(228): include('C:\\xampp\\htdocs\\goalpara\\app\\Views\\main.php')
 3 SYSTEMPATH\View\View.php(231): CodeIgniter\View\View->CodeIgniter\View\{closure}()
 4 SYSTEMPATH\Common.php(1178): CodeIgniter\View\View->render()
 5 APPPATH\Controllers\Home.php(9): view()
 6 SYSTEMPATH\CodeIgniter.php(941): App\Controllers\Home->index()
 7 SYSTEMPATH\CodeIgniter.php(502): CodeIgniter\CodeIgniter->runController()
 8 SYSTEMPATH\CodeIgniter.php(361): CodeIgniter\CodeIgniter->handleRequest()
 9 FCPATH\index.php(79): CodeIgniter\CodeIgniter->run()
10 SYSTEMPATH\Commands\Server\rewrite.php(47): require_once('C:\\xampp\\htdocs\\goalpara\\public\\index.php')
CRITICAL - 2024-03-15 02:13:13 --> ErrorException: Undefined property: CodeIgniter\View\View::$load
in APPPATH\Views\main.php on line 2.
 1 APPPATH\Views\main.php(2): CodeIgniter\Debug\Exceptions->errorHandler()
 2 SYSTEMPATH\View\View.php(228): include('C:\\xampp\\htdocs\\goalpara\\app\\Views\\main.php')
 3 SYSTEMPATH\View\View.php(231): CodeIgniter\View\View->CodeIgniter\View\{closure}()
 4 SYSTEMPATH\Common.php(1178): CodeIgniter\View\View->render()
 5 APPPATH\Controllers\Home.php(9): view()
 6 SYSTEMPATH\CodeIgniter.php(941): App\Controllers\Home->index()
 7 SYSTEMPATH\CodeIgniter.php(502): CodeIgniter\CodeIgniter->runController()
 8 SYSTEMPATH\CodeIgniter.php(361): CodeIgniter\CodeIgniter->handleRequest()
 9 FCPATH\index.php(79): CodeIgniter\CodeIgniter->run()
10 SYSTEMPATH\Commands\Server\rewrite.php(47): require_once('C:\\xampp\\htdocs\\goalpara\\public\\index.php')
CRITICAL - 2024-03-15 02:43:12 --> CodeIgniter\View\Exceptions\ViewException: Invalid file: "main.php"
in SYSTEMPATH\Exceptions\FrameworkException.php on line 39.
 1 SYSTEMPATH\View\View.php(216): CodeIgniter\Exceptions\FrameworkException::forInvalidFile()
 2 SYSTEMPATH\Common.php(1178): CodeIgniter\View\View->render()
 3 APPPATH\Controllers\Home.php(9): view()
 4 SYSTEMPATH\CodeIgniter.php(941): App\Controllers\Home->index()
 5 SYSTEMPATH\CodeIgniter.php(502): CodeIgniter\CodeIgniter->runController()
 6 SYSTEMPATH\CodeIgniter.php(361): CodeIgniter\CodeIgniter->handleRequest()
 7 FCPATH\index.php(79): CodeIgniter\CodeIgniter->run()
 8 SYSTEMPATH\Commands\Server\rewrite.php(47): require_once('C:\\xampp\\htdocs\\goalpara\\public\\index.php')
CRITICAL - 2024-03-15 02:43:17 --> CodeIgniter\View\Exceptions\ViewException: Invalid file: "main.php"
in SYSTEMPATH\Exceptions\FrameworkException.php on line 39.
 1 SYSTEMPATH\View\View.php(216): CodeIgniter\Exceptions\FrameworkException::forInvalidFile()
 2 SYSTEMPATH\Common.php(1178): CodeIgniter\View\View->render()
 3 APPPATH\Controllers\Home.php(9): view()
 4 SYSTEMPATH\CodeIgniter.php(941): App\Controllers\Home->index()
 5 SYSTEMPATH\CodeIgniter.php(502): CodeIgniter\CodeIgniter->runController()
 6 SYSTEMPATH\CodeIgniter.php(361): CodeIgniter\CodeIgniter->handleRequest()
 7 FCPATH\index.php(79): CodeIgniter\CodeIgniter->run()
 8 SYSTEMPATH\Commands\Server\rewrite.php(47): require_once('C:\\xampp\\htdocs\\goalpara\\public\\index.php')
CRITICAL - 2024-03-15 02:43:17 --> CodeIgniter\View\Exceptions\ViewException: Invalid file: "main.php"
in SYSTEMPATH\Exceptions\FrameworkException.php on line 39.
 1 SYSTEMPATH\View\View.php(216): CodeIgniter\Exceptions\FrameworkException::forInvalidFile()
 2 SYSTEMPATH\Common.php(1178): CodeIgniter\View\View->render()
 3 APPPATH\Controllers\Home.php(9): view()
 4 SYSTEMPATH\CodeIgniter.php(941): App\Controllers\Home->index()
 5 SYSTEMPATH\CodeIgniter.php(502): CodeIgniter\CodeIgniter->runController()
 6 SYSTEMPATH\CodeIgniter.php(361): CodeIgniter\CodeIgniter->handleRequest()
 7 FCPATH\index.php(79): CodeIgniter\CodeIgniter->run()
 8 SYSTEMPATH\Commands\Server\rewrite.php(47): require_once('C:\\xampp\\htdocs\\goalpara\\public\\index.php')
CRITICAL - 2024-03-15 02:43:17 --> CodeIgniter\View\Exceptions\ViewException: Invalid file: "main.php"
in SYSTEMPATH\Exceptions\FrameworkException.php on line 39.
 1 SYSTEMPATH\View\View.php(216): CodeIgniter\Exceptions\FrameworkException::forInvalidFile()
 2 SYSTEMPATH\Common.php(1178): CodeIgniter\View\View->render()
 3 APPPATH\Controllers\Home.php(9): view()
 4 SYSTEMPATH\CodeIgniter.php(941): App\Controllers\Home->index()
 5 SYSTEMPATH\CodeIgniter.php(502): CodeIgniter\CodeIgniter->runController()
 6 SYSTEMPATH\CodeIgniter.php(361): CodeIgniter\CodeIgniter->handleRequest()
 7 FCPATH\index.php(79): CodeIgniter\CodeIgniter->run()
 8 SYSTEMPATH\Commands\Server\rewrite.php(47): require_once('C:\\xampp\\htdocs\\goalpara\\public\\index.php')
ERROR - 2024-03-15 03:12:32 --> mysqli_sql_exception: Unknown column 'username' in 'where clause' in C:\xampp\htdocs\goalpara\system\Database\MySQLi\Connection.php:306
Stack trace:
#0 C:\xampp\htdocs\goalpara\system\Database\MySQLi\Connection.php(306): mysqli->query()
#1 C:\xampp\htdocs\goalpara\system\Database\BaseConnection.php(693): CodeIgniter\Database\MySQLi\Connection->execute()
#2 C:\xampp\htdocs\goalpara\system\Database\BaseConnection.php(607): CodeIgniter\Database\BaseConnection->simpleQuery()
#3 C:\xampp\htdocs\goalpara\system\Database\BaseBuilder.php(1616): CodeIgniter\Database\BaseConnection->query()
#4 C:\xampp\htdocs\goalpara\system\Model.php(270): CodeIgniter\Database\BaseBuilder->get()
#5 C:\xampp\htdocs\goalpara\system\BaseModel.php(676): CodeIgniter\Model->doFirst()
#6 C:\xampp\htdocs\goalpara\app\Models\AuthModel.php(23): CodeIgniter\BaseModel->first()
#7 C:\xampp\htdocs\goalpara\app\Controllers\AuthController.php(26): App\Models\AuthModel->authenticate()
#8 C:\xampp\htdocs\goalpara\system\CodeIgniter.php(941): App\Controllers\AuthController->login()
#9 C:\xampp\htdocs\goalpara\system\CodeIgniter.php(502): CodeIgniter\CodeIgniter->runController()
#10 C:\xampp\htdocs\goalpara\system\CodeIgniter.php(361): CodeIgniter\CodeIgniter->handleRequest()
#11 C:\xampp\htdocs\goalpara\public\index.php(79): CodeIgniter\CodeIgniter->run()
#12 C:\xampp\htdocs\goalpara\system\Commands\Server\rewrite.php(47): require_once('...')
#13 {main}
CRITICAL - 2024-03-15 03:12:32 --> CodeIgniter\Database\Exceptions\DatabaseException: Unknown column 'username' in 'where clause'
in SYSTEMPATH\Database\BaseConnection.php on line 647.
 1 SYSTEMPATH\Database\BaseBuilder.php(1616): CodeIgniter\Database\BaseConnection->query()
 2 SYSTEMPATH\Model.php(270): CodeIgniter\Database\BaseBuilder->get()
 3 SYSTEMPATH\BaseModel.php(676): CodeIgniter\Model->doFirst()
 4 APPPATH\Models\AuthModel.php(23): CodeIgniter\BaseModel->first()
 5 APPPATH\Controllers\AuthController.php(26): App\Models\AuthModel->authenticate()
 6 SYSTEMPATH\CodeIgniter.php(941): App\Controllers\AuthController->login()
 7 SYSTEMPATH\CodeIgniter.php(502): CodeIgniter\CodeIgniter->runController()
 8 SYSTEMPATH\CodeIgniter.php(361): CodeIgniter\CodeIgniter->handleRequest()
 9 FCPATH\index.php(79): CodeIgniter\CodeIgniter->run()
10 SYSTEMPATH\Commands\Server\rewrite.php(47): require_once('C:\\xampp\\htdocs\\goalpara\\public\\index.php')
CRITICAL - 2024-03-15 03:12:32 --> [Caused by] CodeIgniter\Database\Exceptions\DatabaseException: Unknown column 'username' in 'where clause'
in SYSTEMPATH\Database\MySQLi\Connection.php on line 311.
 1 SYSTEMPATH\Database\BaseConnection.php(693): CodeIgniter\Database\MySQLi\Connection->execute()
 2 SYSTEMPATH\Database\BaseConnection.php(607): CodeIgniter\Database\BaseConnection->simpleQuery()
 3 SYSTEMPATH\Database\BaseBuilder.php(1616): CodeIgniter\Database\BaseConnection->query()
 4 SYSTEMPATH\Model.php(270): CodeIgniter\Database\BaseBuilder->get()
 5 SYSTEMPATH\BaseModel.php(676): CodeIgniter\Model->doFirst()
 6 APPPATH\Models\AuthModel.php(23): CodeIgniter\BaseModel->first()
 7 APPPATH\Controllers\AuthController.php(26): App\Models\AuthModel->authenticate()
 8 SYSTEMPATH\CodeIgniter.php(941): App\Controllers\AuthController->login()
 9 SYSTEMPATH\CodeIgniter.php(502): CodeIgniter\CodeIgniter->runController()
10 SYSTEMPATH\CodeIgniter.php(361): CodeIgniter\CodeIgniter->handleRequest()
11 FCPATH\index.php(79): CodeIgniter\CodeIgniter->run()
12 SYSTEMPATH\Commands\Server\rewrite.php(47): require_once('C:\\xampp\\htdocs\\goalpara\\public\\index.php')
CRITICAL - 2024-03-15 03:12:32 --> [Caused by] mysqli_sql_exception: Unknown column 'username' in 'where clause'
in SYSTEMPATH\Database\MySQLi\Connection.php on line 306.
 1 SYSTEMPATH\Database\MySQLi\Connection.php(306): mysqli->query()
 2 SYSTEMPATH\Database\BaseConnection.php(693): CodeIgniter\Database\MySQLi\Connection->execute()
 3 SYSTEMPATH\Database\BaseConnection.php(607): CodeIgniter\Database\BaseConnection->simpleQuery()
 4 SYSTEMPATH\Database\BaseBuilder.php(1616): CodeIgniter\Database\BaseConnection->query()
 5 SYSTEMPATH\Model.php(270): CodeIgniter\Database\BaseBuilder->get()
 6 SYSTEMPATH\BaseModel.php(676): CodeIgniter\Model->doFirst()
 7 APPPATH\Models\AuthModel.php(23): CodeIgniter\BaseModel->first()
 8 APPPATH\Controllers\AuthController.php(26): App\Models\AuthModel->authenticate()
 9 SYSTEMPATH\CodeIgniter.php(941): App\Controllers\AuthController->login()
10 SYSTEMPATH\CodeIgniter.php(502): CodeIgniter\CodeIgniter->runController()
11 SYSTEMPATH\CodeIgniter.php(361): CodeIgniter\CodeIgniter->handleRequest()
12 FCPATH\index.php(79): CodeIgniter\CodeIgniter->run()
13 SYSTEMPATH\Commands\Server\rewrite.php(47): require_once('C:\\xampp\\htdocs\\goalpara\\public\\index.php')
ERROR - 2024-03-15 03:12:39 --> mysqli_sql_exception: Unknown column 'username' in 'where clause' in C:\xampp\htdocs\goalpara\system\Database\MySQLi\Connection.php:306
Stack trace:
#0 C:\xampp\htdocs\goalpara\system\Database\MySQLi\Connection.php(306): mysqli->query()
#1 C:\xampp\htdocs\goalpara\system\Database\BaseConnection.php(693): CodeIgniter\Database\MySQLi\Connection->execute()
#2 C:\xampp\htdocs\goalpara\system\Database\BaseConnection.php(607): CodeIgniter\Database\BaseConnection->simpleQuery()
#3 C:\xampp\htdocs\goalpara\system\Database\BaseBuilder.php(1616): CodeIgniter\Database\BaseConnection->query()
#4 C:\xampp\htdocs\goalpara\system\Model.php(270): CodeIgniter\Database\BaseBuilder->get()
#5 C:\xampp\htdocs\goalpara\system\BaseModel.php(676): CodeIgniter\Model->doFirst()
#6 C:\xampp\htdocs\goalpara\app\Models\AuthModel.php(23): CodeIgniter\BaseModel->first()
#7 C:\xampp\htdocs\goalpara\app\Controllers\AuthController.php(26): App\Models\AuthModel->authenticate()
#8 C:\xampp\htdocs\goalpara\system\CodeIgniter.php(941): App\Controllers\AuthController->login()
#9 C:\xampp\htdocs\goalpara\system\CodeIgniter.php(502): CodeIgniter\CodeIgniter->runController()
#10 C:\xampp\htdocs\goalpara\system\CodeIgniter.php(361): CodeIgniter\CodeIgniter->handleRequest()
#11 C:\xampp\htdocs\goalpara\public\index.php(79): CodeIgniter\CodeIgniter->run()
#12 C:\xampp\htdocs\goalpara\system\Commands\Server\rewrite.php(47): require_once('...')
#13 {main}
CRITICAL - 2024-03-15 03:12:39 --> CodeIgniter\Database\Exceptions\DatabaseException: Unknown column 'username' in 'where clause'
in SYSTEMPATH\Database\BaseConnection.php on line 647.
 1 SYSTEMPATH\Database\BaseBuilder.php(1616): CodeIgniter\Database\BaseConnection->query()
 2 SYSTEMPATH\Model.php(270): CodeIgniter\Database\BaseBuilder->get()
 3 SYSTEMPATH\BaseModel.php(676): CodeIgniter\Model->doFirst()
 4 APPPATH\Models\AuthModel.php(23): CodeIgniter\BaseModel->first()
 5 APPPATH\Controllers\AuthController.php(26): App\Models\AuthModel->authenticate()
 6 SYSTEMPATH\CodeIgniter.php(941): App\Controllers\AuthController->login()
 7 SYSTEMPATH\CodeIgniter.php(502): CodeIgniter\CodeIgniter->runController()
 8 SYSTEMPATH\CodeIgniter.php(361): CodeIgniter\CodeIgniter->handleRequest()
 9 FCPATH\index.php(79): CodeIgniter\CodeIgniter->run()
10 SYSTEMPATH\Commands\Server\rewrite.php(47): require_once('C:\\xampp\\htdocs\\goalpara\\public\\index.php')
CRITICAL - 2024-03-15 03:12:39 --> [Caused by] CodeIgniter\Database\Exceptions\DatabaseException: Unknown column 'username' in 'where clause'
in SYSTEMPATH\Database\MySQLi\Connection.php on line 311.
 1 SYSTEMPATH\Database\BaseConnection.php(693): CodeIgniter\Database\MySQLi\Connection->execute()
 2 SYSTEMPATH\Database\BaseConnection.php(607): CodeIgniter\Database\BaseConnection->simpleQuery()
 3 SYSTEMPATH\Database\BaseBuilder.php(1616): CodeIgniter\Database\BaseConnection->query()
 4 SYSTEMPATH\Model.php(270): CodeIgniter\Database\BaseBuilder->get()
 5 SYSTEMPATH\BaseModel.php(676): CodeIgniter\Model->doFirst()
 6 APPPATH\Models\AuthModel.php(23): CodeIgniter\BaseModel->first()
 7 APPPATH\Controllers\AuthController.php(26): App\Models\AuthModel->authenticate()
 8 SYSTEMPATH\CodeIgniter.php(941): App\Controllers\AuthController->login()
 9 SYSTEMPATH\CodeIgniter.php(502): CodeIgniter\CodeIgniter->runController()
10 SYSTEMPATH\CodeIgniter.php(361): CodeIgniter\CodeIgniter->handleRequest()
11 FCPATH\index.php(79): CodeIgniter\CodeIgniter->run()
12 SYSTEMPATH\Commands\Server\rewrite.php(47): require_once('C:\\xampp\\htdocs\\goalpara\\public\\index.php')
CRITICAL - 2024-03-15 03:12:39 --> [Caused by] mysqli_sql_exception: Unknown column 'username' in 'where clause'
in SYSTEMPATH\Database\MySQLi\Connection.php on line 306.
 1 SYSTEMPATH\Database\MySQLi\Connection.php(306): mysqli->query()
 2 SYSTEMPATH\Database\BaseConnection.php(693): CodeIgniter\Database\MySQLi\Connection->execute()
 3 SYSTEMPATH\Database\BaseConnection.php(607): CodeIgniter\Database\BaseConnection->simpleQuery()
 4 SYSTEMPATH\Database\BaseBuilder.php(1616): CodeIgniter\Database\BaseConnection->query()
 5 SYSTEMPATH\Model.php(270): CodeIgniter\Database\BaseBuilder->get()
 6 SYSTEMPATH\BaseModel.php(676): CodeIgniter\Model->doFirst()
 7 APPPATH\Models\AuthModel.php(23): CodeIgniter\BaseModel->first()
 8 APPPATH\Controllers\AuthController.php(26): App\Models\AuthModel->authenticate()
 9 SYSTEMPATH\CodeIgniter.php(941): App\Controllers\AuthController->login()
10 SYSTEMPATH\CodeIgniter.php(502): CodeIgniter\CodeIgniter->runController()
11 SYSTEMPATH\CodeIgniter.php(361): CodeIgniter\CodeIgniter->handleRequest()
12 FCPATH\index.php(79): CodeIgniter\CodeIgniter->run()
13 SYSTEMPATH\Commands\Server\rewrite.php(47): require_once('C:\\xampp\\htdocs\\goalpara\\public\\index.php')
ERROR - 2024-03-15 03:13:47 --> mysqli_sql_exception: Unknown column 'username' in 'where clause' in C:\xampp\htdocs\goalpara\system\Database\MySQLi\Connection.php:306
Stack trace:
#0 C:\xampp\htdocs\goalpara\system\Database\MySQLi\Connection.php(306): mysqli->query()
#1 C:\xampp\htdocs\goalpara\system\Database\BaseConnection.php(693): CodeIgniter\Database\MySQLi\Connection->execute()
#2 C:\xampp\htdocs\goalpara\system\Database\BaseConnection.php(607): CodeIgniter\Database\BaseConnection->simpleQuery()
#3 C:\xampp\htdocs\goalpara\system\Database\BaseBuilder.php(1616): CodeIgniter\Database\BaseConnection->query()
#4 C:\xampp\htdocs\goalpara\system\Model.php(270): CodeIgniter\Database\BaseBuilder->get()
#5 C:\xampp\htdocs\goalpara\system\BaseModel.php(676): CodeIgniter\Model->doFirst()
#6 C:\xampp\htdocs\goalpara\app\Models\AuthModel.php(23): CodeIgniter\BaseModel->first()
#7 C:\xampp\htdocs\goalpara\app\Controllers\AuthController.php(26): App\Models\AuthModel->authenticate()
#8 C:\xampp\htdocs\goalpara\system\CodeIgniter.php(941): App\Controllers\AuthController->login()
#9 C:\xampp\htdocs\goalpara\system\CodeIgniter.php(502): CodeIgniter\CodeIgniter->runController()
#10 C:\xampp\htdocs\goalpara\system\CodeIgniter.php(361): CodeIgniter\CodeIgniter->handleRequest()
#11 C:\xampp\htdocs\goalpara\public\index.php(79): CodeIgniter\CodeIgniter->run()
#12 C:\xampp\htdocs\goalpara\system\Commands\Server\rewrite.php(47): require_once('...')
#13 {main}
CRITICAL - 2024-03-15 03:13:47 --> CodeIgniter\Database\Exceptions\DatabaseException: Unknown column 'username' in 'where clause'
in SYSTEMPATH\Database\BaseConnection.php on line 647.
 1 SYSTEMPATH\Database\BaseBuilder.php(1616): CodeIgniter\Database\BaseConnection->query()
 2 SYSTEMPATH\Model.php(270): CodeIgniter\Database\BaseBuilder->get()
 3 SYSTEMPATH\BaseModel.php(676): CodeIgniter\Model->doFirst()
 4 APPPATH\Models\AuthModel.php(23): CodeIgniter\BaseModel->first()
 5 APPPATH\Controllers\AuthController.php(26): App\Models\AuthModel->authenticate()
 6 SYSTEMPATH\CodeIgniter.php(941): App\Controllers\AuthController->login()
 7 SYSTEMPATH\CodeIgniter.php(502): CodeIgniter\CodeIgniter->runController()
 8 SYSTEMPATH\CodeIgniter.php(361): CodeIgniter\CodeIgniter->handleRequest()
 9 FCPATH\index.php(79): CodeIgniter\CodeIgniter->run()
10 SYSTEMPATH\Commands\Server\rewrite.php(47): require_once('C:\\xampp\\htdocs\\goalpara\\public\\index.php')
CRITICAL - 2024-03-15 03:13:47 --> [Caused by] CodeIgniter\Database\Exceptions\DatabaseException: Unknown column 'username' in 'where clause'
in SYSTEMPATH\Database\MySQLi\Connection.php on line 311.
 1 SYSTEMPATH\Database\BaseConnection.php(693): CodeIgniter\Database\MySQLi\Connection->execute()
 2 SYSTEMPATH\Database\BaseConnection.php(607): CodeIgniter\Database\BaseConnection->simpleQuery()
 3 SYSTEMPATH\Database\BaseBuilder.php(1616): CodeIgniter\Database\BaseConnection->query()
 4 SYSTEMPATH\Model.php(270): CodeIgniter\Database\BaseBuilder->get()
 5 SYSTEMPATH\BaseModel.php(676): CodeIgniter\Model->doFirst()
 6 APPPATH\Models\AuthModel.php(23): CodeIgniter\BaseModel->first()
 7 APPPATH\Controllers\AuthController.php(26): App\Models\AuthModel->authenticate()
 8 SYSTEMPATH\CodeIgniter.php(941): App\Controllers\AuthController->login()
 9 SYSTEMPATH\CodeIgniter.php(502): CodeIgniter\CodeIgniter->runController()
10 SYSTEMPATH\CodeIgniter.php(361): CodeIgniter\CodeIgniter->handleRequest()
11 FCPATH\index.php(79): CodeIgniter\CodeIgniter->run()
12 SYSTEMPATH\Commands\Server\rewrite.php(47): require_once('C:\\xampp\\htdocs\\goalpara\\public\\index.php')
CRITICAL - 2024-03-15 03:13:47 --> [Caused by] mysqli_sql_exception: Unknown column 'username' in 'where clause'
in SYSTEMPATH\Database\MySQLi\Connection.php on line 306.
 1 SYSTEMPATH\Database\MySQLi\Connection.php(306): mysqli->query()
 2 SYSTEMPATH\Database\BaseConnection.php(693): CodeIgniter\Database\MySQLi\Connection->execute()
 3 SYSTEMPATH\Database\BaseConnection.php(607): CodeIgniter\Database\BaseConnection->simpleQuery()
 4 SYSTEMPATH\Database\BaseBuilder.php(1616): CodeIgniter\Database\BaseConnection->query()
 5 SYSTEMPATH\Model.php(270): CodeIgniter\Database\BaseBuilder->get()
 6 SYSTEMPATH\BaseModel.php(676): CodeIgniter\Model->doFirst()
 7 APPPATH\Models\AuthModel.php(23): CodeIgniter\BaseModel->first()
 8 APPPATH\Controllers\AuthController.php(26): App\Models\AuthModel->authenticate()
 9 SYSTEMPATH\CodeIgniter.php(941): App\Controllers\AuthController->login()
10 SYSTEMPATH\CodeIgniter.php(502): CodeIgniter\CodeIgniter->runController()
11 SYSTEMPATH\CodeIgniter.php(361): CodeIgniter\CodeIgniter->handleRequest()
12 FCPATH\index.php(79): CodeIgniter\CodeIgniter->run()
13 SYSTEMPATH\Commands\Server\rewrite.php(47): require_once('C:\\xampp\\htdocs\\goalpara\\public\\index.php')
INFO - 2024-03-15 03:14:01 --> Session: Class initialized using 'CodeIgniter\Session\Handlers\FileHandler' driver.
INFO - 2024-03-15 03:15:48 --> Session: Class initialized using 'CodeIgniter\Session\Handlers\FileHandler' driver.
INFO - 2024-03-15 03:15:53 --> Session: Class initialized using 'CodeIgniter\Session\Handlers\FileHandler' driver.
INFO - 2024-03-15 03:15:55 --> Session: Class initialized using 'CodeIgniter\Session\Handlers\FileHandler' driver.
INFO - 2024-03-15 03:15:56 --> Session: Class initialized using 'CodeIgniter\Session\Handlers\FileHandler' driver.
INFO - 2024-03-15 03:15:57 --> Session: Class initialized using 'CodeIgniter\Session\Handlers\FileHandler' driver.
INFO - 2024-03-15 03:17:34 --> Session: Class initialized using 'CodeIgniter\Session\Handlers\FileHandler' driver.
INFO - 2024-03-15 03:17:34 --> Session: Class initialized using 'CodeIgniter\Session\Handlers\FileHandler' driver.
INFO - 2024-03-15 03:18:55 --> Session: Class initialized using 'CodeIgniter\Session\Handlers\FileHandler' driver.
INFO - 2024-03-15 03:19:05 --> Session: Class initialized using 'CodeIgniter\Session\Handlers\FileHandler' driver.
INFO - 2024-03-15 03:19:15 --> Session: Class initialized using 'CodeIgniter\Session\Handlers\FileHandler' driver.
INFO - 2024-03-15 03:19:15 --> Session: Class initialized using 'CodeIgniter\Session\Handlers\FileHandler' driver.
